C:\USERS\TOUMA.YOSHIHIRO\DOCUMENTS\DX22\20150125_SAMPLE_01\DEBUG\20140526_真っ暗ウィンドウ.EXE.EMBED.MANIFEST
C:\USERS\TOUMA.YOSHIHIRO\DOCUMENTS\DX22\20150125_SAMPLE_01\DEBUG\20140526_真っ暗ウィンドウ.EXE.EMBED.MANIFEST.RES
C:\USERS\TOUMA.YOSHIHIRO\DOCUMENTS\DX22\20150125_SAMPLE_01\DEBUG\BILLBOARD.OBJ
C:\USERS\TOUMA.YOSHIHIRO\DOCUMENTS\DX22\20150125_SAMPLE_01\DEBUG\CAMERA.OBJ
C:\USERS\TOUMA.YOSHIHIRO\DOCUMENTS\DX22\20150125_SAMPLE_01\DEBUG\DEBUGPROC.OBJ
C:\USERS\TOUMA.YOSHIHIRO\DOCUMENTS\DX22\20150125_SAMPLE_01\DEBUG\FADE.OBJ
C:\USERS\TOUMA.YOSHIHIRO\DOCUMENTS\DX22\20150125_SAMPLE_01\DEBUG\FIELD.OBJ
C:\USERS\TOUMA.YOSHIHIRO\DOCUMENTS\DX22\20150125_SAMPLE_01\DEBUG\GAME.OBJ
C:\USERS\TOUMA.YOSHIHIRO\DOCUMENTS\DX22\20150125_SAMPLE_01\DEBUG\INPUT.OBJ
C:\USERS\TOUMA.YOSHIHIRO\DOCUMENTS\DX22\20150125_SAMPLE_01\DEBUG\LIGHT.OBJ
C:\USERS\TOUMA.YOSHIHIRO\DOCUMENTS\DX22\20150125_SAMPLE_01\DEBUG\MAIN.OBJ
C:\USERS\TOUMA.YOSHIHIRO\DOCUMENTS\DX22\20150125_SAMPLE_01\DEBUG\MESHCAVE.OBJ
C:\USERS\TOUMA.YOSHIHIRO\DOCUMENTS\DX22\20150125_SAMPLE_01\DEBUG\MESHFIELD.OBJ
C:\USERS\TOUMA.YOSHIHIRO\DOCUMENTS\DX22\20150125_SAMPLE_01\DEBUG\MESHSKY.OBJ
C:\USERS\TOUMA.YOSHIHIRO\DOCUMENTS\DX22\20150125_SAMPLE_01\DEBUG\MESHWALL.OBJ
C:\USERS\TOUMA.YOSHIHIRO\DOCUMENTS\DX22\20150125_SAMPLE_01\DEBUG\MODEL.OBJ
C:\USERS\TOUMA.YOSHIHIRO\DOCUMENTS\DX22\20150125_SAMPLE_01\DEBUG\PAUSE.OBJ
C:\USERS\TOUMA.YOSHIHIRO\DOCUMENTS\DX22\20150125_SAMPLE_01\DEBUG\RESULT.OBJ
C:\USERS\TOUMA.YOSHIHIRO\DOCUMENTS\DX22\20150125_SAMPLE_01\DEBUG\RESULTBG.OBJ
C:\USERS\TOUMA.YOSHIHIRO\DOCUMENTS\DX22\20150125_SAMPLE_01\DEBUG\RESULTPOLYGON.OBJ
C:\USERS\TOUMA.YOSHIHIRO\DOCUMENTS\DX22\20150125_SAMPLE_01\DEBUG\SHADOW.OBJ
C:\USERS\TOUMA.YOSHIHIRO\DOCUMENTS\DX22\20150125_SAMPLE_01\DEBUG\TITTLE.OBJ
C:\USERS\TOUMA.YOSHIHIRO\DOCUMENTS\DX22\20150125_SAMPLE_01\DEBUG\TITTLEBG.OBJ
C:\USERS\TOUMA.YOSHIHIRO\DOCUMENTS\DX22\20150125_SAMPLE_01\DEBUG\TITTLEPOLYGON.OBJ
C:\USERS\TOUMA.YOSHIHIRO\DOCUMENTS\DX22\20150125_SAMPLE_01\DEBUG\VC100.PDB
C:\USERS\TOUMA.YOSHIHIRO\DOCUMENTS\DX22\20150126_SAMPLE_01\20140526_真っ暗ウィンドウ.EXE
C:\USERS\TOUMA.YOSHIHIRO\DOCUMENTS\DX22\20150126_SAMPLE_01\20140526_真っ暗ウィンドウ.ILK
C:\USERS\TOUMA.YOSHIHIRO\DOCUMENTS\DX22\20150126_SAMPLE_01\20140526_真っ暗ウィンドウ.PDB
C:\Users\touma.yoshihiro\Documents\DX22\20150126_sample_01\Debug\20140526_真っ暗ウィンドウ.exe.embed.manifest
C:\USERS\TOUMA.YOSHIHIRO\DOCUMENTS\DX22\20150126_SAMPLE_01\DEBUG\20140526_真っ暗ウィンドウ.EXE.EMBED.MANIFEST.RES
C:\USERS\TOUMA.YOSHIHIRO\DOCUMENTS\DX22\20150126_SAMPLE_01\DEBUG\20140526_真っ暗ウィンドウ.EXE.INTERMEDIATE.MANIFEST
C:\Users\touma.yoshihiro\Documents\DX22\20150126_sample_01\Debug\20140526_真っ暗ウィンドウ.vcxprojResolveAssemblyReference.cache
C:\Users\touma.yoshihiro\Documents\DX22\20150126_sample_01\Debug\20140526_真っ暗ウィンドウ.write.1.tlog
C:\Users\touma.yoshihiro\Documents\DX22\20150126_sample_01\Debug\20140526_真っ暗ウィンドウ_manifest.rc
C:\USERS\TOUMA.YOSHIHIRO\DOCUMENTS\DX22\20150126_SAMPLE_01\DEBUG\BILLBOARD.OBJ
C:\USERS\TOUMA.YOSHIHIRO\DOCUMENTS\DX22\20150126_SAMPLE_01\DEBUG\CAMERA.OBJ
C:\Users\touma.yoshihiro\Documents\DX22\20150126_sample_01\Debug\cl.command.1.tlog
C:\Users\touma.yoshihiro\Documents\DX22\20150126_sample_01\Debug\CL.read.1.tlog
C:\Users\touma.yoshihiro\Documents\DX22\20150126_sample_01\Debug\CL.write.1.tlog
C:\USERS\TOUMA.YOSHIHIRO\DOCUMENTS\DX22\20150126_SAMPLE_01\DEBUG\DEBUGPROC.OBJ
C:\USERS\TOUMA.YOSHIHIRO\DOCUMENTS\DX22\20150126_SAMPLE_01\DEBUG\FADE.OBJ
C:\USERS\TOUMA.YOSHIHIRO\DOCUMENTS\DX22\20150126_SAMPLE_01\DEBUG\FIELD.OBJ
C:\USERS\TOUMA.YOSHIHIRO\DOCUMENTS\DX22\20150126_SAMPLE_01\DEBUG\GAME.OBJ
C:\USERS\TOUMA.YOSHIHIRO\DOCUMENTS\DX22\20150126_SAMPLE_01\DEBUG\INPUT.OBJ
C:\USERS\TOUMA.YOSHIHIRO\DOCUMENTS\DX22\20150126_SAMPLE_01\DEBUG\LIGHT.OBJ
C:\Users\touma.yoshihiro\Documents\DX22\20150126_sample_01\Debug\link.4208.read.1.tlog
C:\Users\touma.yoshihiro\Documents\DX22\20150126_sample_01\Debug\link.4208.write.1.tlog
C:\Users\touma.yoshihiro\Documents\DX22\20150126_sample_01\Debug\link.4208-cvtres.read.1.tlog
C:\Users\touma.yoshihiro\Documents\DX22\20150126_sample_01\Debug\link.4208-cvtres.write.1.tlog
C:\Users\touma.yoshihiro\Documents\DX22\20150126_sample_01\Debug\link.5232.read.1.tlog
C:\Users\touma.yoshihiro\Documents\DX22\20150126_sample_01\Debug\link.5232.write.1.tlog
C:\Users\touma.yoshihiro\Documents\DX22\20150126_sample_01\Debug\link.5232-cvtres.read.1.tlog
C:\Users\touma.yoshihiro\Documents\DX22\20150126_sample_01\Debug\link.5232-cvtres.write.1.tlog
C:\Users\touma.yoshihiro\Documents\DX22\20150126_sample_01\Debug\link.5420.read.1.tlog
C:\Users\touma.yoshihiro\Documents\DX22\20150126_sample_01\Debug\link.5420.write.1.tlog
C:\Users\touma.yoshihiro\Documents\DX22\20150126_sample_01\Debug\link.5420-cvtres.read.1.tlog
C:\Users\touma.yoshihiro\Documents\DX22\20150126_sample_01\Debug\link.5420-cvtres.write.1.tlog
C:\Users\touma.yoshihiro\Documents\DX22\20150126_sample_01\Debug\link.6124.read.1.tlog
C:\Users\touma.yoshihiro\Documents\DX22\20150126_sample_01\Debug\link.6124.write.1.tlog
C:\Users\touma.yoshihiro\Documents\DX22\20150126_sample_01\Debug\link.6124-cvtres.read.1.tlog
C:\Users\touma.yoshihiro\Documents\DX22\20150126_sample_01\Debug\link.6124-cvtres.write.1.tlog
C:\Users\touma.yoshihiro\Documents\DX22\20150126_sample_01\Debug\link.command.1.tlog
C:\Users\touma.yoshihiro\Documents\DX22\20150126_sample_01\Debug\link.read.1.tlog
C:\Users\touma.yoshihiro\Documents\DX22\20150126_sample_01\Debug\link.write.1.tlog
C:\Users\touma.yoshihiro\Documents\DX22\20150126_sample_01\Debug\link-cvtres.read.1.tlog
C:\Users\touma.yoshihiro\Documents\DX22\20150126_sample_01\Debug\link-cvtres.write.1.tlog
C:\USERS\TOUMA.YOSHIHIRO\DOCUMENTS\DX22\20150126_SAMPLE_01\DEBUG\MAIN.OBJ
C:\USERS\TOUMA.YOSHIHIRO\DOCUMENTS\DX22\20150126_SAMPLE_01\DEBUG\MESHCAVE.OBJ
C:\USERS\TOUMA.YOSHIHIRO\DOCUMENTS\DX22\20150126_SAMPLE_01\DEBUG\MESHFIELD.OBJ
C:\USERS\TOUMA.YOSHIHIRO\DOCUMENTS\DX22\20150126_SAMPLE_01\DEBUG\MESHSKY.OBJ
C:\USERS\TOUMA.YOSHIHIRO\DOCUMENTS\DX22\20150126_SAMPLE_01\DEBUG\MESHWALL.OBJ
C:\USERS\TOUMA.YOSHIHIRO\DOCUMENTS\DX22\20150126_SAMPLE_01\DEBUG\MODEL.OBJ
C:\Users\touma.yoshihiro\Documents\DX22\20150126_sample_01\Debug\mt.command.1.tlog
C:\Users\touma.yoshihiro\Documents\DX22\20150126_sample_01\Debug\mt.read.1.tlog
C:\Users\touma.yoshihiro\Documents\DX22\20150126_sample_01\Debug\mt.write.1.tlog
C:\USERS\TOUMA.YOSHIHIRO\DOCUMENTS\DX22\20150126_SAMPLE_01\DEBUG\PAUSE.OBJ
C:\Users\touma.yoshihiro\Documents\DX22\20150126_sample_01\Debug\rc.command.1.tlog
C:\Users\touma.yoshihiro\Documents\DX22\20150126_sample_01\Debug\rc.read.1.tlog
C:\Users\touma.yoshihiro\Documents\DX22\20150126_sample_01\Debug\rc.write.1.tlog
C:\USERS\TOUMA.YOSHIHIRO\DOCUMENTS\DX22\20150126_SAMPLE_01\DEBUG\RESULT.OBJ
C:\USERS\TOUMA.YOSHIHIRO\DOCUMENTS\DX22\20150126_SAMPLE_01\DEBUG\RESULTBG.OBJ
C:\USERS\TOUMA.YOSHIHIRO\DOCUMENTS\DX22\20150126_SAMPLE_01\DEBUG\RESULTPOLYGON.OBJ
C:\USERS\TOUMA.YOSHIHIRO\DOCUMENTS\DX22\20150126_SAMPLE_01\DEBUG\SHADOW.OBJ
C:\USERS\TOUMA.YOSHIHIRO\DOCUMENTS\DX22\20150126_SAMPLE_01\DEBUG\TITTLE.OBJ
C:\USERS\TOUMA.YOSHIHIRO\DOCUMENTS\DX22\20150126_SAMPLE_01\DEBUG\TITTLEBG.OBJ
C:\USERS\TOUMA.YOSHIHIRO\DOCUMENTS\DX22\20150126_SAMPLE_01\DEBUG\TITTLEPOLYGON.OBJ
C:\Users\touma.yoshihiro\Documents\DX22\20150126_sample_01\Debug\vc100.idb
C:\USERS\TOUMA.YOSHIHIRO\DOCUMENTS\DX22\20150126_SAMPLE_01\DEBUG\VC100.PDB
