C:\USERS\TOUMA.YOSHIHIRO\DOCUMENTS\DX21\20140925_SAMPLE_03 ゲーム作り12\20140526_真っ暗ウィンドウ.EXE
C:\USERS\TOUMA.YOSHIHIRO\DOCUMENTS\DX21\20140925_SAMPLE_03 ゲーム作り12\20140526_真っ暗ウィンドウ.ILK
C:\USERS\TOUMA.YOSHIHIRO\DOCUMENTS\DX21\20140925_SAMPLE_03 ゲーム作り12\20140526_真っ暗ウィンドウ.PDB
C:\USERS\TOUMA.YOSHIHIRO\DOCUMENTS\DX21\20140925_SAMPLE_03 ゲーム作り12\DEBUG\20140526_真っ暗ウィンドウ.EXE.EMBED.MANIFEST
C:\USERS\TOUMA.YOSHIHIRO\DOCUMENTS\DX21\20140925_SAMPLE_03 ゲーム作り12\DEBUG\20140526_真っ暗ウィンドウ.EXE.EMBED.MANIFEST.RES
C:\USERS\TOUMA.YOSHIHIRO\DOCUMENTS\DX21\20140925_SAMPLE_03 ゲーム作り12\DEBUG\20140526_真っ暗ウィンドウ.EXE.INTERMEDIATE.MANIFEST
C:\USERS\TOUMA.YOSHIHIRO\DOCUMENTS\DX21\20140925_SAMPLE_03 ゲーム作り12\DEBUG\BULLET.OBJ
C:\USERS\TOUMA.YOSHIHIRO\DOCUMENTS\DX21\20140925_SAMPLE_03 ゲーム作り12\DEBUG\EFFECT.OBJ
C:\USERS\TOUMA.YOSHIHIRO\DOCUMENTS\DX21\20140925_SAMPLE_03 ゲーム作り12\DEBUG\ENEMY.OBJ
C:\USERS\TOUMA.YOSHIHIRO\DOCUMENTS\DX21\20140925_SAMPLE_03 ゲーム作り12\DEBUG\EXPLOSION.OBJ
C:\USERS\TOUMA.YOSHIHIRO\DOCUMENTS\DX21\20140925_SAMPLE_03 ゲーム作り12\DEBUG\FADE.OBJ
C:\USERS\TOUMA.YOSHIHIRO\DOCUMENTS\DX21\20140925_SAMPLE_03 ゲーム作り12\DEBUG\FADE_LOADINGNOW.OBJ
C:\USERS\TOUMA.YOSHIHIRO\DOCUMENTS\DX21\20140925_SAMPLE_03 ゲーム作り12\DEBUG\GAKUTYOU.OBJ
C:\USERS\TOUMA.YOSHIHIRO\DOCUMENTS\DX21\20140925_SAMPLE_03 ゲーム作り12\DEBUG\GAME.OBJ
C:\USERS\TOUMA.YOSHIHIRO\DOCUMENTS\DX21\20140925_SAMPLE_03 ゲーム作り12\DEBUG\GAME_COUNTDOWN.OBJ
C:\USERS\TOUMA.YOSHIHIRO\DOCUMENTS\DX21\20140925_SAMPLE_03 ゲーム作り12\DEBUG\GAMEBG.OBJ
C:\USERS\TOUMA.YOSHIHIRO\DOCUMENTS\DX21\20140925_SAMPLE_03 ゲーム作り12\DEBUG\GAMEPLAYER.OBJ
C:\USERS\TOUMA.YOSHIHIRO\DOCUMENTS\DX21\20140925_SAMPLE_03 ゲーム作り12\DEBUG\HITJUDGE.OBJ
C:\USERS\TOUMA.YOSHIHIRO\DOCUMENTS\DX21\20140925_SAMPLE_03 ゲーム作り12\DEBUG\INPUT.OBJ
C:\USERS\TOUMA.YOSHIHIRO\DOCUMENTS\DX21\20140925_SAMPLE_03 ゲーム作り12\DEBUG\MAIN.OBJ
C:\USERS\TOUMA.YOSHIHIRO\DOCUMENTS\DX21\20140925_SAMPLE_03 ゲーム作り12\DEBUG\PAUSE.OBJ
C:\USERS\TOUMA.YOSHIHIRO\DOCUMENTS\DX21\20140925_SAMPLE_03 ゲーム作り12\DEBUG\RESULT.OBJ
C:\USERS\TOUMA.YOSHIHIRO\DOCUMENTS\DX21\20140925_SAMPLE_03 ゲーム作り12\DEBUG\RESULTBG.OBJ
C:\USERS\TOUMA.YOSHIHIRO\DOCUMENTS\DX21\20140925_SAMPLE_03 ゲーム作り12\DEBUG\RESULTPOLYGON.OBJ
C:\USERS\TOUMA.YOSHIHIRO\DOCUMENTS\DX21\20140925_SAMPLE_03 ゲーム作り12\DEBUG\SCORE.OBJ
C:\USERS\TOUMA.YOSHIHIRO\DOCUMENTS\DX21\20140925_SAMPLE_03 ゲーム作り12\DEBUG\SOUND.OBJ
C:\USERS\TOUMA.YOSHIHIRO\DOCUMENTS\DX21\20140925_SAMPLE_03 ゲーム作り12\DEBUG\TITTLE.OBJ
C:\USERS\TOUMA.YOSHIHIRO\DOCUMENTS\DX21\20140925_SAMPLE_03 ゲーム作り12\DEBUG\TITTLEBG.OBJ
C:\USERS\TOUMA.YOSHIHIRO\DOCUMENTS\DX21\20140925_SAMPLE_03 ゲーム作り12\DEBUG\TITTLEPOLYGON.OBJ
C:\USERS\TOUMA.YOSHIHIRO\DOCUMENTS\DX21\20140925_SAMPLE_03 ゲーム作り12\DEBUG\VC100.PDB
C:\USERS\TOUMA.YOSHIHIRO\DOCUMENTS\DX21\20140925_SAMPLE_04 ゲーム作り13\20140526_真っ暗ウィンドウ.EXE
C:\USERS\TOUMA.YOSHIHIRO\DOCUMENTS\DX21\20140925_SAMPLE_04 ゲーム作り13\20140526_真っ暗ウィンドウ.ILK
C:\USERS\TOUMA.YOSHIHIRO\DOCUMENTS\DX21\20140925_SAMPLE_04 ゲーム作り13\20140526_真っ暗ウィンドウ.PDB
C:\Users\touma.yoshihiro\Documents\DX21\20140925_sample_04 ゲーム作り13\Debug\20140526_真っ暗ウィンドウ.exe.embed.manifest
C:\USERS\TOUMA.YOSHIHIRO\DOCUMENTS\DX21\20140925_SAMPLE_04 ゲーム作り13\DEBUG\20140526_真っ暗ウィンドウ.EXE.EMBED.MANIFEST.RES
C:\USERS\TOUMA.YOSHIHIRO\DOCUMENTS\DX21\20140925_SAMPLE_04 ゲーム作り13\DEBUG\20140526_真っ暗ウィンドウ.EXE.INTERMEDIATE.MANIFEST
C:\Users\touma.yoshihiro\Documents\DX21\20140925_sample_04 ゲーム作り13\Debug\20140526_真っ暗ウィンドウ.vcxprojResolveAssemblyReference.cache
C:\Users\touma.yoshihiro\Documents\DX21\20140925_sample_04 ゲーム作り13\Debug\20140526_真っ暗ウィンドウ.write.1.tlog
C:\Users\touma.yoshihiro\Documents\DX21\20140925_sample_04 ゲーム作り13\Debug\20140526_真っ暗ウィンドウ_manifest.rc
C:\USERS\TOUMA.YOSHIHIRO\DOCUMENTS\DX21\20140925_SAMPLE_04 ゲーム作り13\DEBUG\BULLET.OBJ
C:\Users\touma.yoshihiro\Documents\DX21\20140925_sample_04 ゲーム作り13\Debug\cl.command.1.tlog
C:\Users\touma.yoshihiro\Documents\DX21\20140925_sample_04 ゲーム作り13\Debug\CL.read.1.tlog
C:\Users\touma.yoshihiro\Documents\DX21\20140925_sample_04 ゲーム作り13\Debug\CL.write.1.tlog
C:\USERS\TOUMA.YOSHIHIRO\DOCUMENTS\DX21\20140925_SAMPLE_04 ゲーム作り13\DEBUG\EFFECT.OBJ
C:\USERS\TOUMA.YOSHIHIRO\DOCUMENTS\DX21\20140925_SAMPLE_04 ゲーム作り13\DEBUG\ENEMY.OBJ
C:\USERS\TOUMA.YOSHIHIRO\DOCUMENTS\DX21\20140925_SAMPLE_04 ゲーム作り13\DEBUG\EXPLOSION.OBJ
C:\USERS\TOUMA.YOSHIHIRO\DOCUMENTS\DX21\20140925_SAMPLE_04 ゲーム作り13\DEBUG\FADE.OBJ
C:\USERS\TOUMA.YOSHIHIRO\DOCUMENTS\DX21\20140925_SAMPLE_04 ゲーム作り13\DEBUG\FADE_LOADINGNOW.OBJ
C:\USERS\TOUMA.YOSHIHIRO\DOCUMENTS\DX21\20140925_SAMPLE_04 ゲーム作り13\DEBUG\GAKUTYOU.OBJ
C:\USERS\TOUMA.YOSHIHIRO\DOCUMENTS\DX21\20140925_SAMPLE_04 ゲーム作り13\DEBUG\GAME.OBJ
C:\USERS\TOUMA.YOSHIHIRO\DOCUMENTS\DX21\20140925_SAMPLE_04 ゲーム作り13\DEBUG\GAME_COUNTDOWN.OBJ
C:\USERS\TOUMA.YOSHIHIRO\DOCUMENTS\DX21\20140925_SAMPLE_04 ゲーム作り13\DEBUG\GAMEBG.OBJ
C:\USERS\TOUMA.YOSHIHIRO\DOCUMENTS\DX21\20140925_SAMPLE_04 ゲーム作り13\DEBUG\GAMEPLAYER.OBJ
C:\USERS\TOUMA.YOSHIHIRO\DOCUMENTS\DX21\20140925_SAMPLE_04 ゲーム作り13\DEBUG\HITJUDGE.OBJ
C:\USERS\TOUMA.YOSHIHIRO\DOCUMENTS\DX21\20140925_SAMPLE_04 ゲーム作り13\DEBUG\INPUT.OBJ
C:\Users\touma.yoshihiro\Documents\DX21\20140925_sample_04 ゲーム作り13\Debug\link.7944.read.1.tlog
C:\Users\touma.yoshihiro\Documents\DX21\20140925_sample_04 ゲーム作り13\Debug\link.7944.write.1.tlog
C:\Users\touma.yoshihiro\Documents\DX21\20140925_sample_04 ゲーム作り13\Debug\link.7944-cvtres.read.1.tlog
C:\Users\touma.yoshihiro\Documents\DX21\20140925_sample_04 ゲーム作り13\Debug\link.7944-cvtres.write.1.tlog
C:\Users\touma.yoshihiro\Documents\DX21\20140925_sample_04 ゲーム作り13\Debug\link.command.1.tlog
C:\Users\touma.yoshihiro\Documents\DX21\20140925_sample_04 ゲーム作り13\Debug\link.read.1.tlog
C:\Users\touma.yoshihiro\Documents\DX21\20140925_sample_04 ゲーム作り13\Debug\link.write.1.tlog
C:\Users\touma.yoshihiro\Documents\DX21\20140925_sample_04 ゲーム作り13\Debug\link-cvtres.read.1.tlog
C:\Users\touma.yoshihiro\Documents\DX21\20140925_sample_04 ゲーム作り13\Debug\link-cvtres.write.1.tlog
C:\USERS\TOUMA.YOSHIHIRO\DOCUMENTS\DX21\20140925_SAMPLE_04 ゲーム作り13\DEBUG\MAIN.OBJ
C:\Users\touma.yoshihiro\Documents\DX21\20140925_sample_04 ゲーム作り13\Debug\mt.command.1.tlog
C:\Users\touma.yoshihiro\Documents\DX21\20140925_sample_04 ゲーム作り13\Debug\mt.read.1.tlog
C:\Users\touma.yoshihiro\Documents\DX21\20140925_sample_04 ゲーム作り13\Debug\mt.write.1.tlog
C:\USERS\TOUMA.YOSHIHIRO\DOCUMENTS\DX21\20140925_SAMPLE_04 ゲーム作り13\DEBUG\PAUSE.OBJ
C:\Users\touma.yoshihiro\Documents\DX21\20140925_sample_04 ゲーム作り13\Debug\rc.command.1.tlog
C:\Users\touma.yoshihiro\Documents\DX21\20140925_sample_04 ゲーム作り13\Debug\rc.read.1.tlog
C:\Users\touma.yoshihiro\Documents\DX21\20140925_sample_04 ゲーム作り13\Debug\rc.write.1.tlog
C:\USERS\TOUMA.YOSHIHIRO\DOCUMENTS\DX21\20140925_SAMPLE_04 ゲーム作り13\DEBUG\RESULT.OBJ
C:\USERS\TOUMA.YOSHIHIRO\DOCUMENTS\DX21\20140925_SAMPLE_04 ゲーム作り13\DEBUG\RESULTBG.OBJ
C:\USERS\TOUMA.YOSHIHIRO\DOCUMENTS\DX21\20140925_SAMPLE_04 ゲーム作り13\DEBUG\RESULTPOLYGON.OBJ
C:\USERS\TOUMA.YOSHIHIRO\DOCUMENTS\DX21\20140925_SAMPLE_04 ゲーム作り13\DEBUG\SCORE.OBJ
C:\USERS\TOUMA.YOSHIHIRO\DOCUMENTS\DX21\20140925_SAMPLE_04 ゲーム作り13\DEBUG\SOUND.OBJ
C:\USERS\TOUMA.YOSHIHIRO\DOCUMENTS\DX21\20140925_SAMPLE_04 ゲーム作り13\DEBUG\TITTLE.OBJ
C:\USERS\TOUMA.YOSHIHIRO\DOCUMENTS\DX21\20140925_SAMPLE_04 ゲーム作り13\DEBUG\TITTLEBG.OBJ
C:\USERS\TOUMA.YOSHIHIRO\DOCUMENTS\DX21\20140925_SAMPLE_04 ゲーム作り13\DEBUG\TITTLEPOLYGON.OBJ
C:\Users\touma.yoshihiro\Documents\DX21\20140925_sample_04 ゲーム作り13\Debug\vc100.idb
C:\USERS\TOUMA.YOSHIHIRO\DOCUMENTS\DX21\20140925_SAMPLE_04 ゲーム作り13\DEBUG\VC100.PDB
