C:\USERS\TOUMA.YOSHIHIRO\DOCUMENTS\GM31\20150918_02\DEBUG\20150909_02 ERR.EXE
C:\USERS\TOUMA.YOSHIHIRO\DOCUMENTS\GM31\20150918_02\DEBUG\20150909_02 ERR.EXE.EMBED.MANIFEST
C:\USERS\TOUMA.YOSHIHIRO\DOCUMENTS\GM31\20150918_02\DEBUG\20150909_02 ERR.EXE.EMBED.MANIFEST.RES
C:\USERS\TOUMA.YOSHIHIRO\DOCUMENTS\GM31\20150918_02\DEBUG\20150909_02 ERR.EXE.INTERMEDIATE.MANIFEST
C:\USERS\TOUMA.YOSHIHIRO\DOCUMENTS\GM31\20150918_02\DEBUG\20150909_02 ERR.ILK
C:\USERS\TOUMA.YOSHIHIRO\DOCUMENTS\GM31\20150918_02\DEBUG\20150909_02 ERR.PDB
C:\USERS\TOUMA.YOSHIHIRO\DOCUMENTS\GM31\20150918_02\DEBUG\CBULLET.OBJ
C:\USERS\TOUMA.YOSHIHIRO\DOCUMENTS\GM31\20150918_02\DEBUG\CCAMERA.OBJ
C:\USERS\TOUMA.YOSHIHIRO\DOCUMENTS\GM31\20150918_02\DEBUG\CCAMERAGAME.OBJ
C:\USERS\TOUMA.YOSHIHIRO\DOCUMENTS\GM31\20150918_02\DEBUG\CDEBUGPROC.OBJ
C:\USERS\TOUMA.YOSHIHIRO\DOCUMENTS\GM31\20150918_02\DEBUG\CEXPLOSION.OBJ
C:\USERS\TOUMA.YOSHIHIRO\DOCUMENTS\GM31\20150918_02\DEBUG\CFADE.OBJ
C:\USERS\TOUMA.YOSHIHIRO\DOCUMENTS\GM31\20150918_02\DEBUG\CGIMMICK.OBJ
C:\USERS\TOUMA.YOSHIHIRO\DOCUMENTS\GM31\20150918_02\DEBUG\CHITCHECK.OBJ
C:\USERS\TOUMA.YOSHIHIRO\DOCUMENTS\GM31\20150918_02\DEBUG\CITEMLIST.OBJ
C:\USERS\TOUMA.YOSHIHIRO\DOCUMENTS\GM31\20150918_02\DEBUG\CLIGHT.OBJ
C:\USERS\TOUMA.YOSHIHIRO\DOCUMENTS\GM31\20150918_02\DEBUG\CMANAGER.OBJ
C:\USERS\TOUMA.YOSHIHIRO\DOCUMENTS\GM31\20150918_02\DEBUG\CMESHCIRINDER.OBJ
C:\USERS\TOUMA.YOSHIHIRO\DOCUMENTS\GM31\20150918_02\DEBUG\CMESHFIELD.OBJ
C:\USERS\TOUMA.YOSHIHIRO\DOCUMENTS\GM31\20150918_02\DEBUG\CMESHSKY.OBJ
C:\USERS\TOUMA.YOSHIHIRO\DOCUMENTS\GM31\20150918_02\DEBUG\CMESHWALL.OBJ
C:\USERS\TOUMA.YOSHIHIRO\DOCUMENTS\GM31\20150918_02\DEBUG\CPAUSE.OBJ
C:\USERS\TOUMA.YOSHIHIRO\DOCUMENTS\GM31\20150918_02\DEBUG\CPHASE.OBJ
C:\USERS\TOUMA.YOSHIHIRO\DOCUMENTS\GM31\20150918_02\DEBUG\CPHASECHANGE.OBJ
C:\USERS\TOUMA.YOSHIHIRO\DOCUMENTS\GM31\20150918_02\DEBUG\CPHASEGAME.OBJ
C:\USERS\TOUMA.YOSHIHIRO\DOCUMENTS\GM31\20150918_02\DEBUG\CPHASERESULT.OBJ
C:\USERS\TOUMA.YOSHIHIRO\DOCUMENTS\GM31\20150918_02\DEBUG\CPHASETITLE.OBJ
C:\USERS\TOUMA.YOSHIHIRO\DOCUMENTS\GM31\20150918_02\DEBUG\CPLAYER.OBJ
C:\USERS\TOUMA.YOSHIHIRO\DOCUMENTS\GM31\20150918_02\DEBUG\CPLAYERMODEL.OBJ
C:\USERS\TOUMA.YOSHIHIRO\DOCUMENTS\GM31\20150918_02\DEBUG\CSCENE.OBJ
C:\USERS\TOUMA.YOSHIHIRO\DOCUMENTS\GM31\20150918_02\DEBUG\CSCENE2D.OBJ
C:\USERS\TOUMA.YOSHIHIRO\DOCUMENTS\GM31\20150918_02\DEBUG\CSCENE3D.OBJ
C:\USERS\TOUMA.YOSHIHIRO\DOCUMENTS\GM31\20150918_02\DEBUG\CSCENEBILLBOARD.OBJ
C:\USERS\TOUMA.YOSHIHIRO\DOCUMENTS\GM31\20150918_02\DEBUG\CSCENEMODELMOTION.OBJ
C:\USERS\TOUMA.YOSHIHIRO\DOCUMENTS\GM31\20150918_02\DEBUG\CSCENEMODELPARTS.OBJ
C:\USERS\TOUMA.YOSHIHIRO\DOCUMENTS\GM31\20150918_02\DEBUG\CSCENEX.OBJ
C:\USERS\TOUMA.YOSHIHIRO\DOCUMENTS\GM31\20150918_02\DEBUG\CSCORE.OBJ
C:\USERS\TOUMA.YOSHIHIRO\DOCUMENTS\GM31\20150918_02\DEBUG\CTEXTUREMANAGER.OBJ
C:\USERS\TOUMA.YOSHIHIRO\DOCUMENTS\GM31\20150918_02\DEBUG\CTIMER.OBJ
C:\USERS\TOUMA.YOSHIHIRO\DOCUMENTS\GM31\20150918_02\DEBUG\CXFILEMANAGER.OBJ
C:\USERS\TOUMA.YOSHIHIRO\DOCUMENTS\GM31\20150918_02\DEBUG\HITCHECK.OBJ
C:\USERS\TOUMA.YOSHIHIRO\DOCUMENTS\GM31\20150918_02\DEBUG\INPUT.OBJ
C:\USERS\TOUMA.YOSHIHIRO\DOCUMENTS\GM31\20150918_02\DEBUG\MAIN.OBJ
C:\USERS\TOUMA.YOSHIHIRO\DOCUMENTS\GM31\20150918_02\DEBUG\RENDERER.OBJ
C:\USERS\TOUMA.YOSHIHIRO\DOCUMENTS\GM31\20150918_02\DEBUG\VC100.PDB
C:\USERS\TOUMA.YOSHIHIRO\DOCUMENTS\GM31\20150924_01 課題\DEBUG\20150909_02 ERR.EXE
C:\USERS\TOUMA.YOSHIHIRO\DOCUMENTS\GM31\20150924_01 課題\DEBUG\20150909_02 ERR.EXE.EMBED.MANIFEST.RES
C:\USERS\TOUMA.YOSHIHIRO\DOCUMENTS\GM31\20150924_01 課題\DEBUG\20150909_02 ERR.EXE.INTERMEDIATE.MANIFEST
C:\USERS\TOUMA.YOSHIHIRO\DOCUMENTS\GM31\20150924_01 課題\DEBUG\20150909_02 ERR.ILK
C:\USERS\TOUMA.YOSHIHIRO\DOCUMENTS\GM31\20150924_01 課題\DEBUG\20150909_02 ERR.PDB
C:\USERS\TOUMA.YOSHIHIRO\DOCUMENTS\GM31\20150924_01 課題\DEBUG\CBULLET.OBJ
C:\USERS\TOUMA.YOSHIHIRO\DOCUMENTS\GM31\20150924_01 課題\DEBUG\CCAMERA.OBJ
C:\USERS\TOUMA.YOSHIHIRO\DOCUMENTS\GM31\20150924_01 課題\DEBUG\CCAMERAGAME.OBJ
C:\USERS\TOUMA.YOSHIHIRO\DOCUMENTS\GM31\20150924_01 課題\DEBUG\CDEBUGPROC.OBJ
C:\USERS\TOUMA.YOSHIHIRO\DOCUMENTS\GM31\20150924_01 課題\DEBUG\CEXPLOSION.OBJ
C:\USERS\TOUMA.YOSHIHIRO\DOCUMENTS\GM31\20150924_01 課題\DEBUG\CFADE.OBJ
C:\USERS\TOUMA.YOSHIHIRO\DOCUMENTS\GM31\20150924_01 課題\DEBUG\CGIMMICK.OBJ
C:\USERS\TOUMA.YOSHIHIRO\DOCUMENTS\GM31\20150924_01 課題\DEBUG\CHITCHECK.OBJ
C:\USERS\TOUMA.YOSHIHIRO\DOCUMENTS\GM31\20150924_01 課題\DEBUG\CITEMLIST.OBJ
C:\USERS\TOUMA.YOSHIHIRO\DOCUMENTS\GM31\20150924_01 課題\DEBUG\CLIGHT.OBJ
C:\USERS\TOUMA.YOSHIHIRO\DOCUMENTS\GM31\20150924_01 課題\DEBUG\CMANAGER.OBJ
C:\USERS\TOUMA.YOSHIHIRO\DOCUMENTS\GM31\20150924_01 課題\DEBUG\CMESHCIRINDER.OBJ
C:\USERS\TOUMA.YOSHIHIRO\DOCUMENTS\GM31\20150924_01 課題\DEBUG\CMESHFIELD.OBJ
C:\USERS\TOUMA.YOSHIHIRO\DOCUMENTS\GM31\20150924_01 課題\DEBUG\CMESHSKY.OBJ
C:\USERS\TOUMA.YOSHIHIRO\DOCUMENTS\GM31\20150924_01 課題\DEBUG\CMESHWALL.OBJ
C:\USERS\TOUMA.YOSHIHIRO\DOCUMENTS\GM31\20150924_01 課題\DEBUG\CPAUSE.OBJ
C:\USERS\TOUMA.YOSHIHIRO\DOCUMENTS\GM31\20150924_01 課題\DEBUG\CPHASE.OBJ
C:\USERS\TOUMA.YOSHIHIRO\DOCUMENTS\GM31\20150924_01 課題\DEBUG\CPHASECHANGE.OBJ
C:\USERS\TOUMA.YOSHIHIRO\DOCUMENTS\GM31\20150924_01 課題\DEBUG\CPHASEGAME.OBJ
C:\USERS\TOUMA.YOSHIHIRO\DOCUMENTS\GM31\20150924_01 課題\DEBUG\CPHASERESULT.OBJ
C:\USERS\TOUMA.YOSHIHIRO\DOCUMENTS\GM31\20150924_01 課題\DEBUG\CPHASETITLE.OBJ
C:\USERS\TOUMA.YOSHIHIRO\DOCUMENTS\GM31\20150924_01 課題\DEBUG\CPLAYER.OBJ
C:\USERS\TOUMA.YOSHIHIRO\DOCUMENTS\GM31\20150924_01 課題\DEBUG\CPLAYERMODEL.OBJ
C:\USERS\TOUMA.YOSHIHIRO\DOCUMENTS\GM31\20150924_01 課題\DEBUG\CSCENE.OBJ
C:\USERS\TOUMA.YOSHIHIRO\DOCUMENTS\GM31\20150924_01 課題\DEBUG\CSCENE2D.OBJ
C:\USERS\TOUMA.YOSHIHIRO\DOCUMENTS\GM31\20150924_01 課題\DEBUG\CSCENE3D.OBJ
C:\USERS\TOUMA.YOSHIHIRO\DOCUMENTS\GM31\20150924_01 課題\DEBUG\CSCENEBILLBOARD.OBJ
C:\USERS\TOUMA.YOSHIHIRO\DOCUMENTS\GM31\20150924_01 課題\DEBUG\CSCENEMODELMOTION.OBJ
C:\USERS\TOUMA.YOSHIHIRO\DOCUMENTS\GM31\20150924_01 課題\DEBUG\CSCENEMODELPARTS.OBJ
C:\USERS\TOUMA.YOSHIHIRO\DOCUMENTS\GM31\20150924_01 課題\DEBUG\CSCENEX.OBJ
C:\USERS\TOUMA.YOSHIHIRO\DOCUMENTS\GM31\20150924_01 課題\DEBUG\CSCORE.OBJ
C:\USERS\TOUMA.YOSHIHIRO\DOCUMENTS\GM31\20150924_01 課題\DEBUG\CTEXTUREMANAGER.OBJ
C:\USERS\TOUMA.YOSHIHIRO\DOCUMENTS\GM31\20150924_01 課題\DEBUG\CTIMER.OBJ
C:\USERS\TOUMA.YOSHIHIRO\DOCUMENTS\GM31\20150924_01 課題\DEBUG\CXFILEMANAGER.OBJ
C:\USERS\TOUMA.YOSHIHIRO\DOCUMENTS\GM31\20150924_01 課題\DEBUG\HITCHECK.OBJ
C:\USERS\TOUMA.YOSHIHIRO\DOCUMENTS\GM31\20150924_01 課題\DEBUG\INPUT.OBJ
C:\USERS\TOUMA.YOSHIHIRO\DOCUMENTS\GM31\20150924_01 課題\DEBUG\MAIN.OBJ
C:\USERS\TOUMA.YOSHIHIRO\DOCUMENTS\GM31\20150924_01 課題\DEBUG\RENDERER.OBJ
C:\USERS\TOUMA.YOSHIHIRO\DOCUMENTS\GM31\20150924_01 課題\DEBUG\VC100.PDB
C:\USERS\TOUMA.YOSHIHIRO\DOCUMENTS\GM31\20150924_02\DEBUG\20150909_02 ERR.EXE
C:\Users\touma.yoshihiro\Documents\GM31\20150924_02\Debug\20150909_02 err.exe.embed.manifest
C:\USERS\TOUMA.YOSHIHIRO\DOCUMENTS\GM31\20150924_02\DEBUG\20150909_02 ERR.EXE.EMBED.MANIFEST.RES
C:\USERS\TOUMA.YOSHIHIRO\DOCUMENTS\GM31\20150924_02\DEBUG\20150909_02 ERR.EXE.INTERMEDIATE.MANIFEST
C:\USERS\TOUMA.YOSHIHIRO\DOCUMENTS\GM31\20150924_02\DEBUG\20150909_02 ERR.ILK
C:\USERS\TOUMA.YOSHIHIRO\DOCUMENTS\GM31\20150924_02\DEBUG\20150909_02 ERR.PDB
C:\Users\touma.yoshihiro\Documents\GM31\20150924_02\Debug\20150909_02 err.vcxprojResolveAssemblyReference.cache
C:\Users\touma.yoshihiro\Documents\GM31\20150924_02\Debug\20150909_02 err.write.1.tlog
C:\Users\touma.yoshihiro\Documents\GM31\20150924_02\Debug\20150909_02 err_manifest.rc
C:\USERS\TOUMA.YOSHIHIRO\DOCUMENTS\GM31\20150924_02\DEBUG\CBULLET.OBJ
C:\USERS\TOUMA.YOSHIHIRO\DOCUMENTS\GM31\20150924_02\DEBUG\CCAMERA.OBJ
C:\USERS\TOUMA.YOSHIHIRO\DOCUMENTS\GM31\20150924_02\DEBUG\CCAMERAGAME.OBJ
C:\USERS\TOUMA.YOSHIHIRO\DOCUMENTS\GM31\20150924_02\DEBUG\CDEBUGPROC.OBJ
C:\USERS\TOUMA.YOSHIHIRO\DOCUMENTS\GM31\20150924_02\DEBUG\CEXPLOSION.OBJ
C:\USERS\TOUMA.YOSHIHIRO\DOCUMENTS\GM31\20150924_02\DEBUG\CFADE.OBJ
C:\USERS\TOUMA.YOSHIHIRO\DOCUMENTS\GM31\20150924_02\DEBUG\CGIMMICK.OBJ
C:\USERS\TOUMA.YOSHIHIRO\DOCUMENTS\GM31\20150924_02\DEBUG\CHITCHECK.OBJ
C:\USERS\TOUMA.YOSHIHIRO\DOCUMENTS\GM31\20150924_02\DEBUG\CITEMLIST.OBJ
C:\Users\touma.yoshihiro\Documents\GM31\20150924_02\Debug\cl.command.1.tlog
C:\Users\touma.yoshihiro\Documents\GM31\20150924_02\Debug\CL.read.1.tlog
C:\Users\touma.yoshihiro\Documents\GM31\20150924_02\Debug\CL.write.1.tlog
C:\USERS\TOUMA.YOSHIHIRO\DOCUMENTS\GM31\20150924_02\DEBUG\CLIGHT.OBJ
C:\USERS\TOUMA.YOSHIHIRO\DOCUMENTS\GM31\20150924_02\DEBUG\CMANAGER.OBJ
C:\USERS\TOUMA.YOSHIHIRO\DOCUMENTS\GM31\20150924_02\DEBUG\CMESHCIRINDER.OBJ
C:\USERS\TOUMA.YOSHIHIRO\DOCUMENTS\GM31\20150924_02\DEBUG\CMESHFIELD.OBJ
C:\USERS\TOUMA.YOSHIHIRO\DOCUMENTS\GM31\20150924_02\DEBUG\CMESHSKY.OBJ
C:\USERS\TOUMA.YOSHIHIRO\DOCUMENTS\GM31\20150924_02\DEBUG\CMESHWALL.OBJ
C:\USERS\TOUMA.YOSHIHIRO\DOCUMENTS\GM31\20150924_02\DEBUG\CPAUSE.OBJ
C:\USERS\TOUMA.YOSHIHIRO\DOCUMENTS\GM31\20150924_02\DEBUG\CPHASE.OBJ
C:\USERS\TOUMA.YOSHIHIRO\DOCUMENTS\GM31\20150924_02\DEBUG\CPHASECHANGE.OBJ
C:\USERS\TOUMA.YOSHIHIRO\DOCUMENTS\GM31\20150924_02\DEBUG\CPHASEGAME.OBJ
C:\USERS\TOUMA.YOSHIHIRO\DOCUMENTS\GM31\20150924_02\DEBUG\CPHASERESULT.OBJ
C:\USERS\TOUMA.YOSHIHIRO\DOCUMENTS\GM31\20150924_02\DEBUG\CPHASETITLE.OBJ
C:\USERS\TOUMA.YOSHIHIRO\DOCUMENTS\GM31\20150924_02\DEBUG\CPLAYER.OBJ
C:\USERS\TOUMA.YOSHIHIRO\DOCUMENTS\GM31\20150924_02\DEBUG\CPLAYERMODEL.OBJ
C:\USERS\TOUMA.YOSHIHIRO\DOCUMENTS\GM31\20150924_02\DEBUG\CSCENE.OBJ
C:\USERS\TOUMA.YOSHIHIRO\DOCUMENTS\GM31\20150924_02\DEBUG\CSCENE2D.OBJ
C:\USERS\TOUMA.YOSHIHIRO\DOCUMENTS\GM31\20150924_02\DEBUG\CSCENE3D.OBJ
C:\USERS\TOUMA.YOSHIHIRO\DOCUMENTS\GM31\20150924_02\DEBUG\CSCENEBILLBOARD.OBJ
C:\USERS\TOUMA.YOSHIHIRO\DOCUMENTS\GM31\20150924_02\DEBUG\CSCENEMODELMOTION.OBJ
C:\USERS\TOUMA.YOSHIHIRO\DOCUMENTS\GM31\20150924_02\DEBUG\CSCENEMODELPARTS.OBJ
C:\USERS\TOUMA.YOSHIHIRO\DOCUMENTS\GM31\20150924_02\DEBUG\CSCENEX.OBJ
C:\USERS\TOUMA.YOSHIHIRO\DOCUMENTS\GM31\20150924_02\DEBUG\CSCORE.OBJ
C:\USERS\TOUMA.YOSHIHIRO\DOCUMENTS\GM31\20150924_02\DEBUG\CTEXTUREMANAGER.OBJ
C:\USERS\TOUMA.YOSHIHIRO\DOCUMENTS\GM31\20150924_02\DEBUG\CTIMER.OBJ
C:\USERS\TOUMA.YOSHIHIRO\DOCUMENTS\GM31\20150924_02\DEBUG\CXFILEMANAGER.OBJ
C:\USERS\TOUMA.YOSHIHIRO\DOCUMENTS\GM31\20150924_02\DEBUG\HITCHECK.OBJ
C:\USERS\TOUMA.YOSHIHIRO\DOCUMENTS\GM31\20150924_02\DEBUG\INPUT.OBJ
C:\Users\touma.yoshihiro\Documents\GM31\20150924_02\Debug\link.11424.read.1.tlog
C:\Users\touma.yoshihiro\Documents\GM31\20150924_02\Debug\link.11424.write.1.tlog
C:\Users\touma.yoshihiro\Documents\GM31\20150924_02\Debug\link.11424-cvtres.read.1.tlog
C:\Users\touma.yoshihiro\Documents\GM31\20150924_02\Debug\link.11424-cvtres.write.1.tlog
C:\Users\touma.yoshihiro\Documents\GM31\20150924_02\Debug\link.3376.read.1.tlog
C:\Users\touma.yoshihiro\Documents\GM31\20150924_02\Debug\link.3376.write.1.tlog
C:\Users\touma.yoshihiro\Documents\GM31\20150924_02\Debug\link.3376-cvtres.read.1.tlog
C:\Users\touma.yoshihiro\Documents\GM31\20150924_02\Debug\link.3376-cvtres.write.1.tlog
C:\Users\touma.yoshihiro\Documents\GM31\20150924_02\Debug\link.command.1.tlog
C:\Users\touma.yoshihiro\Documents\GM31\20150924_02\Debug\link.read.1.tlog
C:\Users\touma.yoshihiro\Documents\GM31\20150924_02\Debug\link.write.1.tlog
C:\Users\touma.yoshihiro\Documents\GM31\20150924_02\Debug\link-cvtres.read.1.tlog
C:\Users\touma.yoshihiro\Documents\GM31\20150924_02\Debug\link-cvtres.write.1.tlog
C:\USERS\TOUMA.YOSHIHIRO\DOCUMENTS\GM31\20150924_02\DEBUG\MAIN.OBJ
C:\Users\touma.yoshihiro\Documents\GM31\20150924_02\Debug\mt.command.1.tlog
C:\Users\touma.yoshihiro\Documents\GM31\20150924_02\Debug\mt.read.1.tlog
C:\Users\touma.yoshihiro\Documents\GM31\20150924_02\Debug\mt.write.1.tlog
C:\Users\touma.yoshihiro\Documents\GM31\20150924_02\Debug\rc.command.1.tlog
C:\Users\touma.yoshihiro\Documents\GM31\20150924_02\Debug\rc.read.1.tlog
C:\Users\touma.yoshihiro\Documents\GM31\20150924_02\Debug\rc.write.1.tlog
C:\USERS\TOUMA.YOSHIHIRO\DOCUMENTS\GM31\20150924_02\DEBUG\RENDERER.OBJ
C:\Users\touma.yoshihiro\Documents\GM31\20150924_02\Debug\vc100.idb
C:\USERS\TOUMA.YOSHIHIRO\DOCUMENTS\GM31\20150924_02\DEBUG\VC100.PDB
