2016/04/07 2:44:07 にビルドを開始しました。
     1>ノード 2 上のプロジェクト "C:\Users\touma.yoshihiro\Documents\GM31\20160406_01 GameStart追加\20150909_02 err.vcxproj" (build ターゲット)。
     1>InitializeBuildStatus:
         "AlwaysCreate" が指定されたため "Debug\GameProject.unsuccessfulbuild" を作成しています。
       ClCompile:
         c:\Program Files (x86)\Microsoft Visual Studio 10.0\VC\bin\CL.exe /c /ZI /nologo /W3 /WX- /Od /Oy- /D WIN32 /D _DEBUG /D _WINDOWS /D _MBCS /Gm /EHsc /RTC1 /MDd /GS /fp:precise /Zc:wchar_t /Zc:forScope /Fo"Debug\\" /Fd"Debug\vc100.pdb" /Gd /TP /analyze- /errorReport:prompt code\CPhaseTitle.cpp
         CPhaseTitle.cpp
       ResourceCompile:
         すべての出力が最新のものです。
       ManifestResourceCompile:
         すべての出力が最新のものです。
       Link:
         c:\Program Files (x86)\Microsoft Visual Studio 10.0\VC\bin\link.exe /ERRORREPORT:PROMPT /OUT:"C:\Users\touma.yoshihiro\Documents\GM31\20160406_01 GameStart追加\Debug\GameProject.exe" /INCREMENTAL /NOLOGO kernel32.lib user32.lib gdi32.lib winspool.lib comdlg32.lib advapi32.lib shell32.lib ole32.lib oleaut32.lib uuid.lib odbc32.lib odbccp32.lib /MANIFEST /ManifestFile:"Debug\GameProject.exe.intermediate.manifest" /MANIFESTUAC:"level='asInvoker' uiAccess='false'" /DEBUG /PDB:"C:\Users\touma.yoshihiro\Documents\GM31\20160406_01 GameStart追加\Debug\GameProject.pdb" /SUBSYSTEM:WINDOWS /TLBID:1 /DYNAMICBASE /NXCOMPAT /IMPLIB:"C:\Users\touma.yoshihiro\Documents\GM31\20160406_01 GameStart追加\Debug\GameProject.lib" /MACHINE:X86 Debug\GM31.res
         Debug\GameProject.exe.embed.manifest.res
         Debug\CBullet000.obj
         Debug\CBullet001.obj
         Debug\CBulletHoming.obj
         Debug\CBulletPatternDegeneracyshot.obj
         Debug\CBulletPatternEnemy000.obj
         Debug\CBulletPatternEnemy001.obj
         Debug\CCamera.obj
         Debug\CCameraGame.obj
         Debug\CCharaMove.obj
         Debug\CDebugProc.obj
         Debug\CDegeneracyAnimation.obj
         Debug\CDegeneracyPolygon.obj
         Debug\CDegeneracyStar.obj
         Debug\CEnemy000.obj
         Debug\CEnemy001.obj
         Debug\CEnemybullet000.obj
         Debug\CEnemyBullet001.obj
         Debug\CEnemyIcon.obj
         Debug\CEnemyPattern000.obj
         Debug\CEnemyPatternRandam.obj
         Debug\CEnemyWave.obj
         Debug\CExplosion.obj
         Debug\CFade.obj
         Debug\CGameStart.obj
         Debug\CHitCheck.obj
         Debug\CInput_Controller.obj
         Debug\CItemList.obj
         Debug\CLight.obj
         Debug\CManager.obj
         Debug\CMeshBasisClass.obj
         Debug\CMeshHitCheckBall.obj
         Debug\CMeshSky.obj
         Debug\CMiniMap.obj
         Debug\CMissileGaze.obj
         Debug\CParticleEngine.obj
         Debug\CParticleSystem.obj
         Debug\CPause.obj
         Debug\CPhase.obj
         Debug\CPhaseChange.obj
         Debug\CPhaseGame.obj
         Debug\CPhaseResult.obj
         Debug\CPhaseTitle.obj
         Debug\CPlayerModel.obj
         Debug\CPlayerMotionChanger.obj
         Debug\CPlayerMotionPatternDamaged.obj
         Debug\CPlayerMotionPatternDash.obj
         Debug\CPlayerMotionPatternDie.obj
         Debug\CPlayerMotionPatternMelee.obj
         Debug\CPlayerMotionPatternMissile.obj
         Debug\CPlayerMotionPatternNormal.obj
         Debug\CPlayerMotionPatternShot.obj
         Debug\CPlayerMotionPatternSwordAttack.obj
         Debug\CPlayerMotionPatternSwordAttack_2nd.obj
         Debug\CPrayerMotionPatternRapidDown.obj
         Debug\CPrayerMotionPatternRapidUp.obj
         Debug\CScene.obj
         Debug\CScene2D.obj
         Debug\CScene3D.obj
         Debug\CSceneBillboard.obj
         Debug\CSceneMeshOrbit.obj
         Debug\CSceneModelMotion.obj
         Debug\CSceneModelParts.obj
         Debug\CSceneStencilShadow.obj
         Debug\CSceneX.obj
         Debug\CScore.obj
         Debug\CTargetUI.obj
         Debug\CTextureManager.obj
         Debug\CTimer.obj
         Debug\CTitleMenu.obj
         Debug\CXFileManager.obj
         Debug\CExplosion000.obj
         Debug\input.obj
         Debug\joystick.obj
         Debug\main.obj
         Debug\Renderer.obj
         Debug\sound.obj
         Debug\WndProc.obj
       Manifest:
         C:\Program Files (x86)\Microsoft SDKs\Windows\v7.0A\bin\mt.exe /nologo /verbose /out:"Debug\GameProject.exe.embed.manifest" /manifest Debug\GameProject.exe.intermediate.manifest
         すべての出力が最新のものです。
       LinkEmbedManifest:
         すべての出力が最新のものです。
         20150909_02 err.vcxproj -> C:\Users\touma.yoshihiro\Documents\GM31\20160406_01 GameStart追加\Debug\GameProject.exe
       FinalizeBuildStatus:
         ファイル "Debug\GameProject.unsuccessfulbuild" を削除しています。
         "Debug\GameProject.lastbuildstate" のタッチ タスクを実行しています。
     1>プロジェクト "C:\Users\touma.yoshihiro\Documents\GM31\20160406_01 GameStart追加\20150909_02 err.vcxproj" (build ターゲット) のビルドが完了しました。

ビルドに成功しました。

経過時間 00:00:01.89
