C:\USERS\TOUMA.YOSHIHIRO\DOCUMENTS\GM31\20160406_01 GAMESTART追加\DEBUG\CBULLET000.OBJ
C:\USERS\TOUMA.YOSHIHIRO\DOCUMENTS\GM31\20160406_01 GAMESTART追加\DEBUG\CBULLET001.OBJ
C:\USERS\TOUMA.YOSHIHIRO\DOCUMENTS\GM31\20160406_01 GAMESTART追加\DEBUG\CBULLETHOMING.OBJ
C:\USERS\TOUMA.YOSHIHIRO\DOCUMENTS\GM31\20160406_01 GAMESTART追加\DEBUG\CBULLETPATTERNDEGENERACYSHOT.OBJ
C:\USERS\TOUMA.YOSHIHIRO\DOCUMENTS\GM31\20160406_01 GAMESTART追加\DEBUG\CBULLETPATTERNENEMY000.OBJ
C:\USERS\TOUMA.YOSHIHIRO\DOCUMENTS\GM31\20160406_01 GAMESTART追加\DEBUG\CBULLETPATTERNENEMY001.OBJ
C:\USERS\TOUMA.YOSHIHIRO\DOCUMENTS\GM31\20160406_01 GAMESTART追加\DEBUG\CCAMERA.OBJ
C:\USERS\TOUMA.YOSHIHIRO\DOCUMENTS\GM31\20160406_01 GAMESTART追加\DEBUG\CCAMERAGAME.OBJ
C:\USERS\TOUMA.YOSHIHIRO\DOCUMENTS\GM31\20160406_01 GAMESTART追加\DEBUG\CCHARAMOVE.OBJ
C:\USERS\TOUMA.YOSHIHIRO\DOCUMENTS\GM31\20160406_01 GAMESTART追加\DEBUG\CDEBUGPROC.OBJ
C:\USERS\TOUMA.YOSHIHIRO\DOCUMENTS\GM31\20160406_01 GAMESTART追加\DEBUG\CDEGENERACYANIMATION.OBJ
C:\USERS\TOUMA.YOSHIHIRO\DOCUMENTS\GM31\20160406_01 GAMESTART追加\DEBUG\CDEGENERACYPOLYGON.OBJ
C:\USERS\TOUMA.YOSHIHIRO\DOCUMENTS\GM31\20160406_01 GAMESTART追加\DEBUG\CDEGENERACYSTAR.OBJ
C:\USERS\TOUMA.YOSHIHIRO\DOCUMENTS\GM31\20160406_01 GAMESTART追加\DEBUG\CENEMY000.OBJ
C:\USERS\TOUMA.YOSHIHIRO\DOCUMENTS\GM31\20160406_01 GAMESTART追加\DEBUG\CENEMY001.OBJ
C:\USERS\TOUMA.YOSHIHIRO\DOCUMENTS\GM31\20160406_01 GAMESTART追加\DEBUG\CENEMYBULLET000.OBJ
C:\USERS\TOUMA.YOSHIHIRO\DOCUMENTS\GM31\20160406_01 GAMESTART追加\DEBUG\CENEMYBULLET001.OBJ
C:\USERS\TOUMA.YOSHIHIRO\DOCUMENTS\GM31\20160406_01 GAMESTART追加\DEBUG\CENEMYICON.OBJ
C:\USERS\TOUMA.YOSHIHIRO\DOCUMENTS\GM31\20160406_01 GAMESTART追加\DEBUG\CENEMYPATTERN000.OBJ
C:\USERS\TOUMA.YOSHIHIRO\DOCUMENTS\GM31\20160406_01 GAMESTART追加\DEBUG\CENEMYPATTERNRANDAM.OBJ
C:\USERS\TOUMA.YOSHIHIRO\DOCUMENTS\GM31\20160406_01 GAMESTART追加\DEBUG\CENEMYWAVE.OBJ
C:\USERS\TOUMA.YOSHIHIRO\DOCUMENTS\GM31\20160406_01 GAMESTART追加\DEBUG\CEXPLOSION.OBJ
C:\USERS\TOUMA.YOSHIHIRO\DOCUMENTS\GM31\20160406_01 GAMESTART追加\DEBUG\CEXPLOSION000.OBJ
C:\USERS\TOUMA.YOSHIHIRO\DOCUMENTS\GM31\20160406_01 GAMESTART追加\DEBUG\CFADE.OBJ
C:\USERS\TOUMA.YOSHIHIRO\DOCUMENTS\GM31\20160406_01 GAMESTART追加\DEBUG\CGAMESTART.OBJ
C:\USERS\TOUMA.YOSHIHIRO\DOCUMENTS\GM31\20160406_01 GAMESTART追加\DEBUG\CHITCHECK.OBJ
C:\USERS\TOUMA.YOSHIHIRO\DOCUMENTS\GM31\20160406_01 GAMESTART追加\DEBUG\CINPUT_CONTROLLER.OBJ
C:\USERS\TOUMA.YOSHIHIRO\DOCUMENTS\GM31\20160406_01 GAMESTART追加\DEBUG\CITEMLIST.OBJ
C:\Users\touma.yoshihiro\Documents\GM31\20160406_01 GameStart追加\Debug\cl.command.1.tlog
C:\Users\touma.yoshihiro\Documents\GM31\20160406_01 GameStart追加\Debug\CL.read.1.tlog
C:\Users\touma.yoshihiro\Documents\GM31\20160406_01 GameStart追加\Debug\CL.write.1.tlog
C:\USERS\TOUMA.YOSHIHIRO\DOCUMENTS\GM31\20160406_01 GAMESTART追加\DEBUG\CLIGHT.OBJ
C:\USERS\TOUMA.YOSHIHIRO\DOCUMENTS\GM31\20160406_01 GAMESTART追加\DEBUG\CMANAGER.OBJ
C:\USERS\TOUMA.YOSHIHIRO\DOCUMENTS\GM31\20160406_01 GAMESTART追加\DEBUG\CMESHBASISCLASS.OBJ
C:\USERS\TOUMA.YOSHIHIRO\DOCUMENTS\GM31\20160406_01 GAMESTART追加\DEBUG\CMESHHITCHECKBALL.OBJ
C:\USERS\TOUMA.YOSHIHIRO\DOCUMENTS\GM31\20160406_01 GAMESTART追加\DEBUG\CMESHSKY.OBJ
C:\USERS\TOUMA.YOSHIHIRO\DOCUMENTS\GM31\20160406_01 GAMESTART追加\DEBUG\CMINIMAP.OBJ
C:\USERS\TOUMA.YOSHIHIRO\DOCUMENTS\GM31\20160406_01 GAMESTART追加\DEBUG\CMISSILEGAZE.OBJ
C:\USERS\TOUMA.YOSHIHIRO\DOCUMENTS\GM31\20160406_01 GAMESTART追加\DEBUG\CPARTICLEENGINE.OBJ
C:\USERS\TOUMA.YOSHIHIRO\DOCUMENTS\GM31\20160406_01 GAMESTART追加\DEBUG\CPARTICLESYSTEM.OBJ
C:\USERS\TOUMA.YOSHIHIRO\DOCUMENTS\GM31\20160406_01 GAMESTART追加\DEBUG\CPAUSE.OBJ
C:\USERS\TOUMA.YOSHIHIRO\DOCUMENTS\GM31\20160406_01 GAMESTART追加\DEBUG\CPHASE.OBJ
C:\USERS\TOUMA.YOSHIHIRO\DOCUMENTS\GM31\20160406_01 GAMESTART追加\DEBUG\CPHASECHANGE.OBJ
C:\USERS\TOUMA.YOSHIHIRO\DOCUMENTS\GM31\20160406_01 GAMESTART追加\DEBUG\CPHASEGAME.OBJ
C:\USERS\TOUMA.YOSHIHIRO\DOCUMENTS\GM31\20160406_01 GAMESTART追加\DEBUG\CPHASERESULT.OBJ
C:\USERS\TOUMA.YOSHIHIRO\DOCUMENTS\GM31\20160406_01 GAMESTART追加\DEBUG\CPHASETITLE.OBJ
C:\USERS\TOUMA.YOSHIHIRO\DOCUMENTS\GM31\20160406_01 GAMESTART追加\DEBUG\CPLAYERMODEL.OBJ
C:\USERS\TOUMA.YOSHIHIRO\DOCUMENTS\GM31\20160406_01 GAMESTART追加\DEBUG\CPLAYERMOTIONCHANGER.OBJ
C:\USERS\TOUMA.YOSHIHIRO\DOCUMENTS\GM31\20160406_01 GAMESTART追加\DEBUG\CPLAYERMOTIONPATTERNDAMAGED.OBJ
C:\USERS\TOUMA.YOSHIHIRO\DOCUMENTS\GM31\20160406_01 GAMESTART追加\DEBUG\CPLAYERMOTIONPATTERNDASH.OBJ
C:\USERS\TOUMA.YOSHIHIRO\DOCUMENTS\GM31\20160406_01 GAMESTART追加\DEBUG\CPLAYERMOTIONPATTERNDIE.OBJ
C:\USERS\TOUMA.YOSHIHIRO\DOCUMENTS\GM31\20160406_01 GAMESTART追加\DEBUG\CPLAYERMOTIONPATTERNMELEE.OBJ
C:\USERS\TOUMA.YOSHIHIRO\DOCUMENTS\GM31\20160406_01 GAMESTART追加\DEBUG\CPLAYERMOTIONPATTERNMISSILE.OBJ
C:\USERS\TOUMA.YOSHIHIRO\DOCUMENTS\GM31\20160406_01 GAMESTART追加\DEBUG\CPLAYERMOTIONPATTERNNORMAL.OBJ
C:\USERS\TOUMA.YOSHIHIRO\DOCUMENTS\GM31\20160406_01 GAMESTART追加\DEBUG\CPLAYERMOTIONPATTERNSHOT.OBJ
C:\USERS\TOUMA.YOSHIHIRO\DOCUMENTS\GM31\20160406_01 GAMESTART追加\DEBUG\CPLAYERMOTIONPATTERNSWORDATTACK.OBJ
C:\USERS\TOUMA.YOSHIHIRO\DOCUMENTS\GM31\20160406_01 GAMESTART追加\DEBUG\CPLAYERMOTIONPATTERNSWORDATTACK_2ND.OBJ
C:\USERS\TOUMA.YOSHIHIRO\DOCUMENTS\GM31\20160406_01 GAMESTART追加\DEBUG\CPRAYERMOTIONPATTERNRAPIDDOWN.OBJ
C:\USERS\TOUMA.YOSHIHIRO\DOCUMENTS\GM31\20160406_01 GAMESTART追加\DEBUG\CPRAYERMOTIONPATTERNRAPIDUP.OBJ
C:\USERS\TOUMA.YOSHIHIRO\DOCUMENTS\GM31\20160406_01 GAMESTART追加\DEBUG\CSCENE.OBJ
C:\USERS\TOUMA.YOSHIHIRO\DOCUMENTS\GM31\20160406_01 GAMESTART追加\DEBUG\CSCENE2D.OBJ
C:\USERS\TOUMA.YOSHIHIRO\DOCUMENTS\GM31\20160406_01 GAMESTART追加\DEBUG\CSCENE3D.OBJ
C:\USERS\TOUMA.YOSHIHIRO\DOCUMENTS\GM31\20160406_01 GAMESTART追加\DEBUG\CSCENEBILLBOARD.OBJ
C:\USERS\TOUMA.YOSHIHIRO\DOCUMENTS\GM31\20160406_01 GAMESTART追加\DEBUG\CSCENEMESHORBIT.OBJ
C:\USERS\TOUMA.YOSHIHIRO\DOCUMENTS\GM31\20160406_01 GAMESTART追加\DEBUG\CSCENEMODELMOTION.OBJ
C:\USERS\TOUMA.YOSHIHIRO\DOCUMENTS\GM31\20160406_01 GAMESTART追加\DEBUG\CSCENEMODELPARTS.OBJ
C:\USERS\TOUMA.YOSHIHIRO\DOCUMENTS\GM31\20160406_01 GAMESTART追加\DEBUG\CSCENESTENCILSHADOW.OBJ
C:\USERS\TOUMA.YOSHIHIRO\DOCUMENTS\GM31\20160406_01 GAMESTART追加\DEBUG\CSCENEX.OBJ
C:\USERS\TOUMA.YOSHIHIRO\DOCUMENTS\GM31\20160406_01 GAMESTART追加\DEBUG\CSCORE.OBJ
C:\USERS\TOUMA.YOSHIHIRO\DOCUMENTS\GM31\20160406_01 GAMESTART追加\DEBUG\CTARGETUI.OBJ
C:\USERS\TOUMA.YOSHIHIRO\DOCUMENTS\GM31\20160406_01 GAMESTART追加\DEBUG\CTEXTUREMANAGER.OBJ
C:\USERS\TOUMA.YOSHIHIRO\DOCUMENTS\GM31\20160406_01 GAMESTART追加\DEBUG\CTIMER.OBJ
C:\USERS\TOUMA.YOSHIHIRO\DOCUMENTS\GM31\20160406_01 GAMESTART追加\DEBUG\CTITLEMENU.OBJ
C:\USERS\TOUMA.YOSHIHIRO\DOCUMENTS\GM31\20160406_01 GAMESTART追加\DEBUG\CXFILEMANAGER.OBJ
C:\USERS\TOUMA.YOSHIHIRO\DOCUMENTS\GM31\20160406_01 GAMESTART追加\DEBUG\GAMEPROJECT.EXE
C:\USERS\TOUMA.YOSHIHIRO\DOCUMENTS\GM31\20160406_01 GAMESTART追加\DEBUG\GAMEPROJECT.EXE.EMBED.MANIFEST
C:\USERS\TOUMA.YOSHIHIRO\DOCUMENTS\GM31\20160406_01 GAMESTART追加\DEBUG\GAMEPROJECT.EXE.EMBED.MANIFEST.RES
C:\USERS\TOUMA.YOSHIHIRO\DOCUMENTS\GM31\20160406_01 GAMESTART追加\DEBUG\GAMEPROJECT.EXE.INTERMEDIATE.MANIFEST
C:\USERS\TOUMA.YOSHIHIRO\DOCUMENTS\GM31\20160406_01 GAMESTART追加\DEBUG\GAMEPROJECT.ILK
C:\USERS\TOUMA.YOSHIHIRO\DOCUMENTS\GM31\20160406_01 GAMESTART追加\DEBUG\GAMEPROJECT.PDB
C:\Users\touma.yoshihiro\Documents\GM31\20160406_01 GameStart追加\Debug\GameProject.write.1.tlog
C:\Users\touma.yoshihiro\Documents\GM31\20160406_01 GameStart追加\Debug\GameProject_manifest.rc
C:\USERS\TOUMA.YOSHIHIRO\DOCUMENTS\GM31\20160406_01 GAMESTART追加\DEBUG\GM31.RES
C:\USERS\TOUMA.YOSHIHIRO\DOCUMENTS\GM31\20160406_01 GAMESTART追加\DEBUG\INPUT.OBJ
C:\USERS\TOUMA.YOSHIHIRO\DOCUMENTS\GM31\20160406_01 GAMESTART追加\DEBUG\JOYSTICK.OBJ
C:\Users\touma.yoshihiro\Documents\GM31\20160406_01 GameStart追加\Debug\link.8856.read.1.tlog
C:\Users\touma.yoshihiro\Documents\GM31\20160406_01 GameStart追加\Debug\link.8856.write.1.tlog
C:\Users\touma.yoshihiro\Documents\GM31\20160406_01 GameStart追加\Debug\link.8856-cvtres.read.1.tlog
C:\Users\touma.yoshihiro\Documents\GM31\20160406_01 GameStart追加\Debug\link.8856-cvtres.write.1.tlog
C:\Users\touma.yoshihiro\Documents\GM31\20160406_01 GameStart追加\Debug\link.command.1.tlog
C:\Users\touma.yoshihiro\Documents\GM31\20160406_01 GameStart追加\Debug\link.read.1.tlog
C:\Users\touma.yoshihiro\Documents\GM31\20160406_01 GameStart追加\Debug\link.write.1.tlog
C:\Users\touma.yoshihiro\Documents\GM31\20160406_01 GameStart追加\Debug\link-cvtres.read.1.tlog
C:\Users\touma.yoshihiro\Documents\GM31\20160406_01 GameStart追加\Debug\link-cvtres.write.1.tlog
C:\USERS\TOUMA.YOSHIHIRO\DOCUMENTS\GM31\20160406_01 GAMESTART追加\DEBUG\MAIN.OBJ
C:\Users\touma.yoshihiro\Documents\GM31\20160406_01 GameStart追加\Debug\mt.command.1.tlog
C:\Users\touma.yoshihiro\Documents\GM31\20160406_01 GameStart追加\Debug\mt.read.1.tlog
C:\Users\touma.yoshihiro\Documents\GM31\20160406_01 GameStart追加\Debug\mt.write.1.tlog
C:\Users\touma.yoshihiro\Documents\GM31\20160406_01 GameStart追加\Debug\rc.command.1.tlog
C:\Users\touma.yoshihiro\Documents\GM31\20160406_01 GameStart追加\Debug\rc.read.1.tlog
C:\Users\touma.yoshihiro\Documents\GM31\20160406_01 GameStart追加\Debug\rc.write.1.tlog
C:\USERS\TOUMA.YOSHIHIRO\DOCUMENTS\GM31\20160406_01 GAMESTART追加\DEBUG\RENDERER.OBJ
C:\USERS\TOUMA.YOSHIHIRO\DOCUMENTS\GM31\20160406_01 GAMESTART追加\DEBUG\SOUND.OBJ
C:\Users\touma.yoshihiro\Documents\GM31\20160406_01 GameStart追加\Debug\vc100.idb
C:\USERS\TOUMA.YOSHIHIRO\DOCUMENTS\GM31\20160406_01 GAMESTART追加\DEBUG\VC100.PDB
C:\USERS\TOUMA.YOSHIHIRO\DOCUMENTS\GM31\20160406_01 GAMESTART追加\DEBUG\WNDPROC.OBJ
